mode: set
github.com/letgoapp/go-bloomfilter/hasher.go:28.40,29.35 1 1
github.com/letgoapp/go-bloomfilter/hasher.go:32.2,32.27 1 1
github.com/letgoapp/go-bloomfilter/hasher.go:29.35,31.3 1 1
github.com/letgoapp/go-bloomfilter/hasher.go:35.40,37.25 1 1
github.com/letgoapp/go-bloomfilter/hasher.go:37.25,41.23 3 1
github.com/letgoapp/go-bloomfilter/hasher.go:44.4,44.14 1 1
github.com/letgoapp/go-bloomfilter/hasher.go:41.23,43.5 1 1
github.com/letgoapp/go-bloomfilter/hasher.go:49.36,50.34 1 1
github.com/letgoapp/go-bloomfilter/hasher.go:50.34,55.38 5 1
github.com/letgoapp/go-bloomfilter/hasher.go:58.3,58.13 1 1
github.com/letgoapp/go-bloomfilter/hasher.go:55.38,57.4 1 1
github.com/letgoapp/go-bloomfilter/rotate.go:15.67,34.2 4 1
github.com/letgoapp/go-bloomfilter/rotate.go:45.36,51.2 4 1
github.com/letgoapp/go-bloomfilter/rotate.go:53.43,58.2 3 1
github.com/letgoapp/go-bloomfilter/rotate.go:60.49,65.9 4 1
github.com/letgoapp/go-bloomfilter/rotate.go:68.2,68.35 1 1
github.com/letgoapp/go-bloomfilter/rotate.go:72.2,72.35 1 1
github.com/letgoapp/go-bloomfilter/rotate.go:76.2,80.24 5 1
github.com/letgoapp/go-bloomfilter/rotate.go:86.2,86.58 1 1
github.com/letgoapp/go-bloomfilter/rotate.go:90.2,90.56 1 1
github.com/letgoapp/go-bloomfilter/rotate.go:94.2,94.34 1 1
github.com/letgoapp/go-bloomfilter/rotate.go:65.9,67.3 1 1
github.com/letgoapp/go-bloomfilter/rotate.go:68.35,70.3 1 1
github.com/letgoapp/go-bloomfilter/rotate.go:72.35,74.3 1 1
github.com/letgoapp/go-bloomfilter/rotate.go:80.24,81.54 1 1
github.com/letgoapp/go-bloomfilter/rotate.go:81.54,83.4 1 1
github.com/letgoapp/go-bloomfilter/rotate.go:86.58,88.3 1 1
github.com/letgoapp/go-bloomfilter/rotate.go:90.56,92.3 1 1
github.com/letgoapp/go-bloomfilter/rotate.go:97.73,98.6 1 1
github.com/letgoapp/go-bloomfilter/rotate.go:98.6,99.10 1 1
github.com/letgoapp/go-bloomfilter/rotate.go:105.3,115.20 5 1
github.com/letgoapp/go-bloomfilter/rotate.go:100.12,100.12 0 1
github.com/letgoapp/go-bloomfilter/rotate.go:101.21,102.10 1 1
github.com/letgoapp/go-bloomfilter/rotate.go:125.51,139.2 5 1
github.com/letgoapp/go-bloomfilter/rotate.go:141.54,142.35 1 1
github.com/letgoapp/go-bloomfilter/rotate.go:150.2,153.59 3 1
github.com/letgoapp/go-bloomfilter/rotate.go:157.2,158.32 2 1
github.com/letgoapp/go-bloomfilter/rotate.go:162.2,177.12 4 1
github.com/letgoapp/go-bloomfilter/rotate.go:142.35,147.3 3 1
github.com/letgoapp/go-bloomfilter/rotate.go:153.59,155.3 1 1
github.com/letgoapp/go-bloomfilter/rotate.go:158.32,160.3 1 1
github.com/letgoapp/go-bloomfilter/bitset.go:16.32,18.2 1 1
github.com/letgoapp/go-bloomfilter/bitset.go:20.36,22.2 1 1
github.com/letgoapp/go-bloomfilter/bitset.go:24.43,26.2 1 1
github.com/letgoapp/go-bloomfilter/bitset.go:28.49,30.9 2 1
github.com/letgoapp/go-bloomfilter/bitset.go:34.2,35.12 2 1
github.com/letgoapp/go-bloomfilter/bitset.go:30.9,32.3 1 1
github.com/letgoapp/go-bloomfilter/bloom.go:32.32,34.2 1 1
github.com/letgoapp/go-bloomfilter/bloom.go:36.24,38.2 1 1
github.com/letgoapp/go-bloomfilter/bloom.go:40.46,50.2 3 1
github.com/letgoapp/go-bloomfilter/bloom.go:52.39,53.24 1 1
github.com/letgoapp/go-bloomfilter/bloom.go:53.24,54.29 1 1
github.com/letgoapp/go-bloomfilter/bloom.go:54.29,56.4 1 1
github.com/letgoapp/go-bloomfilter/bloom.go:60.46,61.24 1 1
github.com/letgoapp/go-bloomfilter/bloom.go:68.2,68.13 1 1
github.com/letgoapp/go-bloomfilter/bloom.go:61.24,62.29 1 1
github.com/letgoapp/go-bloomfilter/bloom.go:62.29,63.28 1 1
github.com/letgoapp/go-bloomfilter/bloom.go:63.28,65.5 1 1
github.com/letgoapp/go-bloomfilter/bloom.go:71.53,73.9 2 1
github.com/letgoapp/go-bloomfilter/bloom.go:77.2,77.20 1 1
github.com/letgoapp/go-bloomfilter/bloom.go:81.2,81.20 1 1
github.com/letgoapp/go-bloomfilter/bloom.go:85.2,86.12 2 1
github.com/letgoapp/go-bloomfilter/bloom.go:73.9,75.3 1 1
github.com/letgoapp/go-bloomfilter/bloom.go:77.20,79.3 1 1
github.com/letgoapp/go-bloomfilter/bloom.go:81.20,83.3 1 1
github.com/letgoapp/go-bloomfilter/bloom.go:96.56,106.2 3 1
github.com/letgoapp/go-bloomfilter/bloom.go:108.59,114.60 3 1
github.com/letgoapp/go-bloomfilter/bloom.go:118.2,125.12 2 1
github.com/letgoapp/go-bloomfilter/bloom.go:114.60,116.3 1 1
